<?xml version="1.0" encoding="UTF-8"?>
<!-- Generated by org.testng.reporters.JUnitXMLReporter -->
<testsuite ignored="0" hostname="LAPTOP-HSA27IPQ" failures="2" tests="2" name="Test" time="48.918" errors="0" timestamp="2024-06-20T11:19:21 IST">
  <testcase classname="com.Automation.appln.scripts.OpencartTest" name="verifyHeaders" time="43.356">
    <failure type="java.io.FileNotFoundException" message="C:\Users\k.karthik\OneDrive\Desktop\kksoft123\TESTING2024\src\com\Automation\appln\TestData\TestData (2).xlsx (The process cannot access the file because it is being used by another process)">
      <![CDATA[java.io.FileNotFoundException: C:\Users\k.karthik\OneDrive\Desktop\kksoft123\TESTING2024\src\com\Automation\appln\TestData\TestData (2).xlsx (The process cannot access the file because it is being used by another process)
at java.base/java.io.FileInputStream.open0(Native Method)
at java.base/java.io.FileInputStream.open(FileInputStream.java:219)
at java.base/java.io.FileInputStream.<init>(FileInputStream.java:157)
at java.base/java.io.FileInputStream.<init>(FileInputStream.java:112)
at com.Automation.Supporters.ExcelReader.<init>(ExcelReader.java:33)
at com.Automation.Utilites.PojoReader.getExcelreaderobj(PojoReader.java:24)
at com.Automation.appln.scripts.OpencartTest.verifyHeaders(OpencartTest.java:34)
at java.base/java.util.ArrayList.forEach(ArrayList.java:1541)
... Removed 27 stack frames]]>
    </failure>
  </testcase> <!-- verifyHeaders -->
  <testcase classname="com.Automation.appln.scripts.OpencartTest" name="verifyLaptopsNotebooksSize" time="2.167">
    <failure type="java.io.FileNotFoundException" message="C:\Users\k.karthik\OneDrive\Desktop\kksoft123\TESTING2024\src\com\Automation\appln\TestData\TestData (2).xlsx (The process cannot access the file because it is being used by another process)">
      <![CDATA[java.io.FileNotFoundException: C:\Users\k.karthik\OneDrive\Desktop\kksoft123\TESTING2024\src\com\Automation\appln\TestData\TestData (2).xlsx (The process cannot access the file because it is being used by another process)
at java.base/java.io.FileInputStream.open0(Native Method)
at java.base/java.io.FileInputStream.open(FileInputStream.java:219)
at java.base/java.io.FileInputStream.<init>(FileInputStream.java:157)
at java.base/java.io.FileInputStream.<init>(FileInputStream.java:112)
at com.Automation.Supporters.ExcelReader.<init>(ExcelReader.java:33)
at com.Automation.Utilites.PojoReader.getExcelreaderobj(PojoReader.java:24)
at com.Automation.appln.scripts.OpencartTest.verifyLaptopsNotebooksSize(OpencartTest.java:23)
at java.base/java.util.ArrayList.forEach(ArrayList.java:1541)
... Removed 27 stack frames]]>
    </failure>
  </testcase> <!-- verifyLaptopsNotebooksSize -->
</testsuite> <!-- Test -->
